<?xml version="1.0" encoding="UTF-8"?>
<testng-results ignored="0" total="2" passed="2" failed="0" skipped="0">
  <reporter-output>
  </reporter-output>
  <suite started-at="2022-10-09T19:35:35 IST" name="Default suite" finished-at="2022-10-09T19:35:35 IST" duration-ms="56">
    <groups>
    </groups>
    <test started-at="2022-10-09T19:35:35 IST" name="Default test" finished-at="2022-10-09T19:35:35 IST" duration-ms="56">
      <class name="com.sdet.AppTest">
        <test-method signature="testlogin1()[pri:0, instance:com.sdet.AppTest@272ed83b]" started-at="2022-10-09T19:35:35 IST" name="testlogin1" finished-at="2022-10-09T19:35:35 IST" duration-ms="17" status="PASS">
          <reporter-output>
          </reporter-output>
        </test-method> <!-- testlogin1 -->
        <test-method signature="testlogin2()[pri:0, instance:com.sdet.AppTest@272ed83b]" started-at="2022-10-09T19:35:35 IST" name="testlogin2" finished-at="2022-10-09T19:35:35 IST" duration-ms="1" status="PASS">
          <reporter-output>
          </reporter-output>
        </test-method> <!-- testlogin2 -->
      </class> <!-- com.sdet.AppTest -->
    </test> <!-- Default test -->
  </suite> <!-- Default suite -->
</testng-results>
